<?xml version="1.0" encoding="UTF-8"?>
<robot generator="Robot 3.1.2 (Python 3.7.5 on win32)" generated="20191120 22:30:56.751" rpa="false">
<suite id="s1" name="Demo1" source="E:\robotdemo2\tests\demo1.robot">
<test id="s1-t1" name="test case 1">
<kw name="Open Browser" library="SeleniumLibrary">
<doc>Opens a new browser instance to the optional ``url``.</doc>
<arguments>
<arg>https://www.google.com</arg>
<arg>chrome</arg>
</arguments>
<msg timestamp="20191120 22:30:58.592" level="INFO">Opening browser 'chrome' to base url 'https://www.google.com'.</msg>
<status status="PASS" starttime="20191120 22:30:58.592" endtime="20191120 22:31:30.606"></status>
</kw>
<tags>
<tag>system</tag>
</tags>
<status status="PASS" starttime="20191120 22:30:58.591" endtime="20191120 22:31:30.608" critical="yes"></status>
</test>
<status status="PASS" starttime="20191120 22:30:56.761" endtime="20191120 22:31:30.642"></status>
</suite>
<statistics>
<total>
<stat pass="1" fail="0">Critical Tests</stat>
<stat pass="1" fail="0">All Tests</stat>
</total>
<tag>
<stat pass="1" fail="0">system</stat>
</tag>
<suite>
<stat pass="1" fail="0" id="s1" name="Demo1">Demo1</stat>
</suite>
</statistics>
<errors>
</errors>
</robot>
