<?xml version="1.0" encoding="UTF-8"?>
<robot generator="Robot 3.1.2 (Python 3.7.5 on win32)" generated="20191122 20:31:58.031" rpa="false">
<suite id="s1" name="Demo1" source="E:\robotdemo2\tests\demo1.robot">
<test id="s1-t1" name="test case1">
<kw name="create dir" library="actitime">
<kw name="Launchbrowser" library="userdefinedkeywords">
<status status="PASS" starttime="20191122 20:31:58.236" endtime="20191122 20:32:09.460"></status>
</kw>
<status status="PASS" starttime="20191122 20:31:58.236" endtime="20191122 20:32:09.460"></status>
</kw>
<status status="PASS" starttime="20191122 20:31:58.235" endtime="20191122 20:32:09.461" critical="yes"></status>
</test>
<status status="PASS" starttime="20191122 20:31:58.035" endtime="20191122 20:32:09.464"></status>
</suite>
<statistics>
<total>
<stat pass="1" fail="0">Critical Tests</stat>
<stat pass="1" fail="0">All Tests</stat>
</total>
<tag>
</tag>
<suite>
<stat pass="1" fail="0" id="s1" name="Demo1">Demo1</stat>
</suite>
</statistics>
<errors>
</errors>
</robot>
